********************************************************************************
DUPLICATOR-LITE PACKAGE-LOG: 2017-01-24 15:16:48
NOTICE: Do NOT post to public sites or forums 
********************************************************************************
VERSION:	1.1.28
WORDPRESS:	4.7.1
PHP INFO:	7.0.13 | SAPI: apache2handler
SERVER:		Apache/2.4.23 (Win32) OpenSSL/1.0.2h PHP/7.0.13 
PHP TIME LIMIT: (0) no time limit imposed 
PHP MAX MEMORY: 2048M (128M default) 
MEMORY STACK: 4MB 

********************************************************************************
DATABASE:
********************************************************************************
BUILD MODE:   PHP(query limit - 100)
MYSQLTIMEOUT: 5000
MYSQLDUMP:    Not Supported 
TABLES: total:26 | filtered:0 | create:26 
FILTERED: [] 
SQL CREATED: 20170119_kreimusic_58876fc6b29f31870170124151622_database.sql 
SQL FILE SIZE: 1.48MB (1546915) 
SQL FILE TIME: 2017-01-24 15:16:49 
SQL RUNTIME: 0.17 sec. 

******************************************************************************** 
ARCHIVE (ZIP): 
******************************************************************************** 
ARCHIVE DIR:  C:/xampp2/htdocs/ejemplos/wordpress 
ARCHIVE FILE: 20170119_kreimusic_58876fc6b29f31870170124151622_archive.zip 
FILTERS: *OFF* 
DIRS: not set 
EXTS:  not set 
---------------------------------------- 
COMPRESSING 
SIZE:	83.84MB 
STATS:	Dirs 707 | Files 5,739 
SQL ADDED: 20170119_kreimusic_58876fc6b29f31870170124151622_database.sql 
ZipArchive Object
(
    [status] => 0
    [statusSys] => 0
    [numFiles] => 6446
    [filename] => C:\xampp2\htdocs\ejemplos\wordpress\wp-snapshots\tmp\20170119_kreimusic_58876fc6b29f31870170124151622_archive.zip
    [comment] => 
)
 
COMPRESSION RESULT: '1' 
COMPRESSED SIZE: 57.54MB 
ARCHIVE RUNTIME: 40.60 sec. 
MEMORY STACK: 6MB 

******************************************************************************** 
MAKE INSTALLER: 
******************************************************************************** 
Build Start 
Build Finished 
Preping for use 
Template parsed with new data 
Complete [C:/xampp2/htdocs/ejemplos/wordpress/wp-snapshots/tmp/20170119_kreimusic_58876fc6b29f31870170124151622_installer.php] 
Added to archive 

******************************************************************************** 
INTEGRITY CHECKS: 
******************************************************************************** 
SQL File: 1.48MB 
Installer File: 352.38KB 
Archive File: 57.54MB  

********************************************************************************
RECORD ID:[2]
TOTAL PROCESS RUNTIME: 41.76 sec.
PEAK PHP MEMORY USED: 8MB
DONE PROCESSING => 20170119_kreimusic 2017-01-24 15:17:30
 
