********************************************************************************
DUPLICATOR-LITE PACKAGE-LOG: 2017-01-19 15:32:16
NOTICE: Do NOT post to public sites or forums 
********************************************************************************
VERSION:	1.1.28
WORDPRESS:	4.7.1
PHP INFO:	7.0.13 | SAPI: apache2handler
SERVER:		Apache/2.4.23 (Win32) OpenSSL/1.0.2h PHP/7.0.13 
PHP TIME LIMIT: (0) no time limit imposed 
PHP MAX MEMORY: 2048M (128M default) 
MEMORY STACK: 8MB 

********************************************************************************
DATABASE:
********************************************************************************
BUILD MODE:   PHP(query limit - 100)
MYSQLTIMEOUT: 5000
MYSQLDUMP:    Not Supported 
TABLES: total:26 | filtered:0 | create:26 
FILTERED: [] 
SQL CREATED: 20170119_kreimusic_5880dbf13fc5b5339170119153201_database.sql 
SQL FILE SIZE: 1.22MB (1278212) 
SQL FILE TIME: 2017-01-19 15:32:16 
SQL RUNTIME: 0.16 sec. 

******************************************************************************** 
ARCHIVE (ZIP): 
******************************************************************************** 
ARCHIVE DIR:  C:/xampp2/htdocs/ejemplos/wordpress 
ARCHIVE FILE: 20170119_kreimusic_5880dbf13fc5b5339170119153201_archive.zip 
FILTERS: *OFF* 
DIRS: not set 
EXTS:  not set 
---------------------------------------- 
COMPRESSING 
SIZE:	81.2MB 
STATS:	Dirs 689 | Files 5,662 
SQL ADDED: 20170119_kreimusic_5880dbf13fc5b5339170119153201_database.sql 
ZipArchive Object
(
    [status] => 0
    [statusSys] => 0
    [numFiles] => 6351
    [filename] => C:\xampp2\htdocs\ejemplos\wordpress\wp-snapshots\tmp\20170119_kreimusic_5880dbf13fc5b5339170119153201_archive.zip
    [comment] => 
)
 
COMPRESSION RESULT: '1' 
COMPRESSED SIZE: 55.17MB 
ARCHIVE RUNTIME: 7.93 sec. 
MEMORY STACK: 10MB 

******************************************************************************** 
MAKE INSTALLER: 
******************************************************************************** 
Build Start 
Build Finished 
Preping for use 
Template parsed with new data 
Complete [C:/xampp2/htdocs/ejemplos/wordpress/wp-snapshots/tmp/20170119_kreimusic_5880dbf13fc5b5339170119153201_installer.php] 
Added to archive 

******************************************************************************** 
INTEGRITY CHECKS: 
******************************************************************************** 
SQL File: 1.22MB 
Installer File: 352.38KB 
Archive File: 55.17MB  

********************************************************************************
RECORD ID:[1]
TOTAL PROCESS RUNTIME: 9.11 sec.
PEAK PHP MEMORY USED: 12MB
DONE PROCESSING => 20170119_kreimusic 2017-01-19 15:32:25
 
